0 info it worked if it ends with ok
1 verbose cli [ '/usr/local/bin/node', '/usr/local/bin/npm', 'start' ]
2 info using npm@3.9.5
3 info using node@v6.2.1
4 verbose run-script [ 'prestart', 'start', 'poststart' ]
5 info lifecycle libao@1.0.0~prestart: libao@1.0.0
6 silly lifecycle libao@1.0.0~prestart: no script for prestart, continuing
7 info lifecycle libao@1.0.0~start: libao@1.0.0
8 verbose lifecycle libao@1.0.0~start: unsafe-perm in lifecycle true
9 verbose lifecycle libao@1.0.0~start: PATH: /usr/local/lib/node_modules/npm/bin/node-gyp-bin:/Users/distravantari/Documents/work/radion/Balizee/react/node_modules/.bin:/usr/local/bin:/Users/distravantari/anaconda/bin:/Library/Frameworks/Python.framework/Versions/2.7/bin:/Users/distravantari/anaconda3/bin:/Users/distravantari/anaconda/bin:/usr/local/bin:/Library/Frameworks/Python.framework/Versions/3.6/bin:/usr/local/bin:/usr/bin:/bin:/usr/sbin:/sbin:/opt/X11/bin:/Library/TeX/texbin
10 verbose lifecycle libao@1.0.0~start: CWD: /Users/distravantari/Documents/work/radion/Balizee/react
11 silly lifecycle libao@1.0.0~start: Args: [ '-c',
11 silly lifecycle   'start http://localhost:8080 && webpack-dev-server --content-base www/' ]
12 info lifecycle libao@1.0.0~start: Failed to exec start script
13 verbose stack Error: libao@1.0.0 start: `start http://localhost:8080 && webpack-dev-server --content-base www/`
13 verbose stack spawn ENOENT
13 verbose stack     at ChildProcess.<anonymous> (/usr/local/lib/node_modules/npm/lib/utils/spawn.js:17:16)
13 verbose stack     at emitTwo (events.js:106:13)
13 verbose stack     at ChildProcess.emit (events.js:191:7)
13 verbose stack     at maybeClose (internal/child_process.js:852:16)
13 verbose stack     at Process.ChildProcess._handle.onexit (internal/child_process.js:215:5)
14 verbose pkgid libao@1.0.0
15 verbose cwd /Users/distravantari/Documents/work/radion/Balizee/react
16 error Darwin 16.1.0
17 error argv "/usr/local/bin/node" "/usr/local/bin/npm" "start"
18 error node v6.2.1
19 error npm  v3.9.5
20 error file sh
21 error code ELIFECYCLE
22 error errno ENOENT
23 error syscall spawn
24 error libao@1.0.0 start: `start http://localhost:8080 && webpack-dev-server --content-base www/`
24 error spawn ENOENT
25 error Failed at the libao@1.0.0 start script 'start http://localhost:8080 && webpack-dev-server --content-base www/'.
25 error Make sure you have the latest version of node.js and npm installed.
25 error If you do, this is most likely a problem with the libao package,
25 error not with npm itself.
25 error Tell the author that this fails on your system:
25 error     start http://localhost:8080 && webpack-dev-server --content-base www/
25 error You can get information on how to open an issue for this project with:
25 error     npm bugs libao
25 error Or if that isn't available, you can get their info via:
25 error     npm owner ls libao
25 error There is likely additional logging output above.
26 verbose exit [ 1, true ]
